<?xml version="1.0" encoding="UTF-8"?>
<!-- Generated by org.testng.reporters.JUnitReportReporter -->
<testsuite hostname="LAPTOP-NU1V4IQS" failures="0" tests="2" name="Testcases.LoginTest" time="42.074" errors="0" timestamp="20 Oct 2024 13:57:57 GMT" skipped="0">
  <testcase classname="Testcases.LoginTest" name="TC01_LoginFailureTest" time="19.611"/>
  <testcase classname="Testcases.LoginTest" name="TC02_LoginSuccessTest" time="22.463"/>
</testsuite> <!-- Testcases.LoginTest -->
