<?xml version="1.0" encoding="UTF-8"?>
<!-- Generated by org.testng.reporters.JUnitReportReporter -->
<testsuite hostname="LAPTOP-NU1V4IQS" failures="0" tests="1" name="Grid.SeleniumWebdriver" time="13.656" errors="0" timestamp="19 Oct 2024 16:24:20 GMT" skipped="0">
  <testcase classname="Grid.SeleniumWebdriver" name="test1" time="13.656"/>
</testsuite> <!-- Grid.SeleniumWebdriver -->
