<?xml version="1.0" encoding="UTF-8"?>
<!-- Generated by org.testng.reporters.JUnitReportReporter -->
<testsuite hostname="LAPTOP-NU1V4IQS" failures="0" tests="2" name="Testcases.LoginTest" time="32.612" errors="0" timestamp="20 Oct 2024 13:58:45 GMT" skipped="0">
  <testcase classname="Testcases.LoginTest" name="TC02_LoginSuccessTest" time="16.954"/>
  <testcase classname="Testcases.LoginTest" name="TC01_LoginFailureTest" time="15.658"/>
</testsuite> <!-- Testcases.LoginTest -->
